{
  "RSpec": {
    "coverage": {
      "/Users/braddunlap/Desktop/turing_work/3mod/projects/viewing_party_lite/config/environment.rb": {
        "lines": [
          null,
          null,
          null,
          1,
          null,
          null,
          1
        ]
      },
      "/Users/braddunlap/Desktop/turing_work/3mod/projects/viewing_party_lite/config/application.rb": {
        "lines": [
          null,
          null,
          1,
          null,
          1,
          null,
          1,
          1,
          1,
          1,
          1,
          1,
          1,
          1,
          1,
          1,
          null,
          null,
          null,
          null,
          1,
          null,
          1,
          1,
          null,
          1,
          null,
          null,
          null,
          null,
          null,
          null,
          null,
          null,
          null,
          null,
          1,
          null,
          null
        ]
      },
      "/Users/braddunlap/Desktop/turing_work/3mod/projects/viewing_party_lite/config/boot.rb": {
        "lines": [
          null,
          null,
          1,
          null,
          1,
          1
        ]
      },
      "/Users/braddunlap/Desktop/turing_work/3mod/projects/viewing_party_lite/config/environments/test.rb": {
        "lines": [
          null,
          null,
          1,
          null,
          null,
          null,
          null,
          null,
          null,
          1,
          null,
          null,
          null,
          1,
          null,
          null,
          null,
          null,
          1,
          null,
          null,
          1,
          1,
          null,
          null,
          null,
          null,
          1,
          1,
          1,
          null,
          null,
          1,
          null,
          null,
          1,
          null,
          null,
          1,
          null,
          1,
          null,
          null,
          null,
          null,
          1,
          null,
          null,
          1,
          null,
          null,
          1,
          null,
          null,
          1,
          null,
          null,
          null,
          null,
          null,
          null,
          null
        ]
      },
      "/Users/braddunlap/Desktop/turing_work/3mod/projects/viewing_party_lite/config/initializers/assets.rb": {
        "lines": [
          null,
          null,
          null,
          null,
          null,
          1,
          null,
          null,
          null,
          null,
          null,
          null,
          null,
          null
        ]
      },
      "/Users/braddunlap/Desktop/turing_work/3mod/projects/viewing_party_lite/config/initializers/content_security_policy.rb": {
        "lines": [
          null,
          null,
          null,
          null,
          null,
          null,
          null,
          null,
          null,
          null,
          null,
          null,
          null,
          null,
          null,
          null,
          null,
          null,
          null,
          null,
          null,
          null,
          null,
          null,
          null,
          null
        ]
      },
      "/Users/braddunlap/Desktop/turing_work/3mod/projects/viewing_party_lite/config/initializers/filter_parameter_logging.rb": {
        "lines": [
          null,
          null,
          null,
          null,
          null,
          null,
          null,
          1,
          null,
          null
        ]
      },
      "/Users/braddunlap/Desktop/turing_work/3mod/projects/viewing_party_lite/config/initializers/inflections.rb": {
        "lines": [
          null,
          null,
          null,
          null,
          null,
          null,
          null,
          null,
          null,
          null,
          null,
          null,
          null,
          null,
          null,
          null,
          null
        ]
      },
      "/Users/braddunlap/Desktop/turing_work/3mod/projects/viewing_party_lite/config/initializers/permissions_policy.rb": {
        "lines": [
          null,
          null,
          null,
          null,
          null,
          null,
          null,
          null,
          null,
          null,
          null,
          null
        ]
      },
      "/Users/braddunlap/Desktop/turing_work/3mod/projects/viewing_party_lite/config/routes.rb": {
        "lines": [
          null,
          null,
          1,
          null,
          null,
          null,
          null,
          1,
          null,
          1,
          1,
          null,
          1,
          1,
          1,
          1,
          null,
          null,
          null
        ]
      },
      "/Users/braddunlap/Desktop/turing_work/3mod/projects/viewing_party_lite/app/helpers/application_helper.rb": {
        "lines": [
          null,
          null,
          1,
          null
        ]
      },
      "/Users/braddunlap/Desktop/turing_work/3mod/projects/viewing_party_lite/spec/features/services/movie_service_spec.rb": {
        "lines": [
          null,
          null,
          1,
          null,
          1,
          1,
          1,
          1,
          1,
          null,
          1,
          null,
          null,
          null,
          null,
          null,
          null,
          null,
          null,
          null,
          1,
          null,
          null,
          null,
          1,
          1,
          1,
          1,
          null,
          null,
          null,
          null,
          null,
          null,
          null,
          null,
          null,
          1,
          null,
          null,
          null,
          1,
          1,
          1,
          1,
          null,
          null,
          null,
          null,
          null,
          null,
          null,
          null,
          1,
          null,
          null,
          null,
          1,
          1,
          1,
          1,
          null,
          null,
          null,
          null,
          null,
          null,
          null,
          null,
          1,
          null,
          null,
          null,
          1,
          1,
          1,
          null,
          1,
          null,
          null,
          null,
          null,
          null,
          null,
          null,
          null,
          null,
          1,
          null,
          null,
          null,
          null
        ]
      },
      "/Users/braddunlap/Desktop/turing_work/3mod/projects/viewing_party_lite/app/services/movie_service.rb": {
        "lines": [
          null,
          null,
          1,
          1,
          4,
          4,
          4,
          4,
          80,
          null,
          null,
          null,
          1,
          3,
          3,
          3,
          3,
          60,
          null,
          null,
          null,
          1,
          21,
          21,
          21,
          null,
          null,
          1,
          12,
          12,
          12,
          null,
          null,
          1,
          12,
          12,
          12,
          null,
          null,
          1,
          null,
          1,
          52,
          null,
          null,
          null,
          null,
          null
        ]
      },
      "/Users/braddunlap/Desktop/turing_work/3mod/projects/viewing_party_lite/spec/features/users/discover/index_spec.rb": {
        "lines": [
          null,
          null,
          1,
          null,
          1,
          1,
          1,
          3,
          null,
          3,
          null,
          3,
          null,
          null,
          1,
          1,
          1,
          1,
          null,
          null,
          1,
          null,
          1,
          null,
          1,
          null,
          null,
          1,
          1,
          null,
          null,
          1,
          1,
          null,
          1,
          1,
          null,
          null,
          null,
          null,
          null,
          null,
          null,
          null,
          null,
          1,
          null,
          1,
          null,
          null,
          null,
          null
        ]
      },
      "/Users/braddunlap/Desktop/turing_work/3mod/projects/viewing_party_lite/spec/features/users/movies/index_spec.rb": {
        "lines": [
          null,
          null,
          1,
          null,
          1,
          1,
          1,
          1,
          3,
          3,
          3,
          3,
          3,
          null,
          3,
          null,
          null,
          null,
          null,
          null,
          null,
          null,
          null,
          null,
          3,
          null,
          null,
          null,
          null,
          null,
          null,
          null,
          null,
          null,
          3,
          null,
          null,
          null,
          null,
          null,
          null,
          null,
          null,
          null,
          3,
          null,
          null,
          null,
          null,
          null,
          null,
          null,
          null,
          null,
          3,
          null,
          null,
          null,
          null,
          null,
          null,
          null,
          null,
          null,
          3,
          null,
          null,
          null,
          null,
          null,
          null,
          null,
          null,
          null,
          3,
          null,
          3,
          null,
          null,
          1,
          1,
          1,
          null,
          1,
          null,
          1,
          null,
          1,
          1,
          null,
          1,
          null,
          1,
          null,
          null,
          null,
          1,
          1,
          1,
          1,
          null,
          1,
          null,
          1,
          null,
          1,
          1,
          null,
          1,
          null,
          1,
          null,
          null,
          null,
          1,
          1,
          1,
          null,
          1,
          null,
          1,
          null,
          1,
          null,
          null,
          null,
          null,
          null
        ]
      },
      "/Users/braddunlap/Desktop/turing_work/3mod/projects/viewing_party_lite/spec/features/users/movies/show_spec.rb": {
        "lines": [
          null,
          null,
          1,
          null,
          1,
          1,
          1,
          9,
          9,
          9,
          null,
          9,
          null,
          null,
          null,
          null,
          null,
          null,
          null,
          null,
          null,
          9,
          null,
          null,
          null,
          null,
          null,
          null,
          null,
          null,
          null,
          9,
          null,
          null,
          null,
          null,
          null,
          null,
          null,
          null,
          null,
          9,
          null,
          9,
          null,
          null,
          1,
          1,
          1,
          null,
          null,
          1,
          1,
          null,
          null,
          1,
          1,
          null,
          null,
          1,
          1,
          1,
          1,
          null,
          null,
          1,
          1,
          null,
          null,
          1,
          1,
          1,
          1,
          null,
          null,
          1,
          1,
          null,
          null,
          1,
          1,
          null,
          null,
          1,
          1,
          1,
          1,
          null,
          null,
          null,
          null
        ]
      },
      "/Users/braddunlap/Desktop/turing_work/3mod/projects/viewing_party_lite/spec/features/users/movies/viewing_parties/new_spec.rb": {
        "lines": [
          1,
          null,
          1,
          1,
          1,
          1,
          2,
          2,
          null,
          null,
          null,
          null,
          null,
          null,
          null,
          null,
          2,
          null,
          null,
          null,
          null,
          null,
          null,
          null,
          null,
          2,
          2,
          2,
          null,
          2,
          null,
          null,
          1,
          1,
          1,
          1,
          1,
          1,
          1,
          null,
          null,
          1,
          1,
          1,
          1,
          1,
          1,
          1,
          1,
          null,
          1,
          null,
          null,
          null,
          null
        ]
      },
      "/Users/braddunlap/Desktop/turing_work/3mod/projects/viewing_party_lite/spec/features/users/new_spec.rb": {
        "lines": [
          null,
          null,
          1,
          null,
          1,
          1,
          1,
          1,
          1,
          null,
          1,
          1,
          null,
          null,
          1,
          1,
          null,
          1,
          1,
          null,
          1,
          null,
          1,
          1,
          null,
          null,
          1,
          1,
          null,
          1,
          1,
          null,
          1,
          null,
          1,
          1,
          null,
          null,
          null,
          null
        ]
      },
      "/Users/braddunlap/Desktop/turing_work/3mod/projects/viewing_party_lite/spec/features/users/show_spec.rb": {
        "lines": [
          null,
          null,
          1,
          null,
          1,
          1,
          4,
          null,
          4,
          null,
          4,
          null,
          4,
          null,
          4,
          null,
          null,
          null,
          null,
          null,
          null,
          null,
          null,
          4,
          null,
          null,
          1,
          1,
          1,
          null,
          null,
          1,
          1,
          null,
          1,
          null,
          null,
          1,
          1,
          null,
          null,
          1,
          1,
          1,
          1,
          1,
          null,
          null,
          null
        ]
      },
      "/Users/braddunlap/Desktop/turing_work/3mod/projects/viewing_party_lite/spec/models/user_spec.rb": {
        "lines": [
          null,
          null,
          1,
          null,
          1,
          1,
          2,
          2,
          null,
          null,
          1,
          2,
          2,
          2,
          null,
          null
        ]
      },
      "/Users/braddunlap/Desktop/turing_work/3mod/projects/viewing_party_lite/app/models/user.rb": {
        "lines": [
          null,
          null,
          1,
          1,
          1,
          null,
          1,
          1,
          null
        ]
      },
      "/Users/braddunlap/Desktop/turing_work/3mod/projects/viewing_party_lite/app/models/application_record.rb": {
        "lines": [
          null,
          null,
          1,
          1,
          null
        ]
      },
      "/Users/braddunlap/Desktop/turing_work/3mod/projects/viewing_party_lite/spec/models/user_viewing_party_spec.rb": {
        "lines": [
          null,
          null,
          1,
          null,
          1,
          1,
          2,
          2,
          null,
          null
        ]
      },
      "/Users/braddunlap/Desktop/turing_work/3mod/projects/viewing_party_lite/app/models/user_viewing_party.rb": {
        "lines": [
          null,
          null,
          1,
          1,
          1,
          null
        ]
      },
      "/Users/braddunlap/Desktop/turing_work/3mod/projects/viewing_party_lite/spec/models/viewing_party_spec.rb": {
        "lines": [
          null,
          null,
          1,
          null,
          1,
          1,
          2,
          2,
          null,
          null,
          1,
          2,
          2,
          2,
          2,
          2,
          null,
          null
        ]
      },
      "/Users/braddunlap/Desktop/turing_work/3mod/projects/viewing_party_lite/app/models/viewing_party.rb": {
        "lines": [
          1,
          1,
          1,
          null,
          1,
          1,
          1,
          1,
          1,
          null,
          1,
          5,
          5,
          5,
          null,
          null,
          5,
          null,
          null,
          null,
          null,
          null,
          null,
          null,
          null,
          null,
          null
        ]
      },
      "/Users/braddunlap/Desktop/turing_work/3mod/projects/viewing_party_lite/spec/poros/movie_spec.rb": {
        "lines": [
          null,
          null,
          1,
          null,
          1,
          2,
          null,
          null,
          null,
          null,
          null,
          null,
          null,
          null,
          null,
          1,
          1,
          1,
          1,
          1,
          1,
          1,
          null,
          null
        ]
      },
      "/Users/braddunlap/Desktop/turing_work/3mod/projects/viewing_party_lite/app/poros/movie.rb": {
        "lines": [
          null,
          null,
          1,
          1,
          null,
          null,
          null,
          null,
          null,
          null,
          null,
          1,
          166,
          166,
          166,
          166,
          166,
          166,
          166,
          null,
          null
        ]
      },
      "/Users/braddunlap/Desktop/turing_work/3mod/projects/viewing_party_lite/app/controllers/landing_controller.rb": {
        "lines": [
          null,
          null,
          1,
          1,
          2,
          null,
          null
        ]
      },
      "/Users/braddunlap/Desktop/turing_work/3mod/projects/viewing_party_lite/app/controllers/application_controller.rb": {
        "lines": [
          null,
          null,
          1,
          null
        ]
      },
      "/Users/braddunlap/Desktop/turing_work/3mod/projects/viewing_party_lite/app/controllers/users_controller.rb": {
        "lines": [
          null,
          null,
          1,
          1,
          7,
          7,
          7,
          5,
          null,
          null,
          null,
          1,
          5,
          null,
          null,
          1,
          2,
          2,
          1,
          1,
          null,
          1,
          null,
          1,
          1,
          null,
          null,
          null,
          1,
          null,
          1,
          2,
          null,
          null
        ]
      },
      "/Users/braddunlap/Desktop/turing_work/3mod/projects/viewing_party_lite/app/controllers/discover_controller.rb": {
        "lines": [
          null,
          null,
          1,
          1,
          8,
          null,
          null
        ]
      },
      "/Users/braddunlap/Desktop/turing_work/3mod/projects/viewing_party_lite/app/controllers/movies_controller.rb": {
        "lines": [
          null,
          null,
          1,
          1,
          5,
          null,
          5,
          3,
          3,
          2,
          2,
          2,
          null,
          null,
          null,
          1,
          11,
          11,
          11,
          11,
          11,
          null,
          null
        ]
      },
      "/Users/braddunlap/Desktop/turing_work/3mod/projects/viewing_party_lite/app/controllers/viewing_parties_controller.rb": {
        "lines": [
          1,
          1,
          null,
          null,
          null,
          1,
          3,
          3,
          3,
          null,
          null,
          1,
          1,
          1,
          1,
          1,
          1,
          1,
          1,
          1,
          2,
          null,
          1,
          null,
          null,
          0,
          0,
          null,
          null,
          null,
          1,
          1,
          1,
          null,
          null
        ]
      }
    },
    "timestamp": 1679681995
  }
}
